SupportZipGenerator instantiating ...
Start to create the zip ...
collecting build.number

collecting advanced.properties

collecting project.properties

collecting local.properties
collecting extensions.xml
collecting localextensions.xml
collecting all these extensions-items.xml
Resource platformservices-items.xml does not exist, skipping ...
Resource hac-items.xml does not exist, skipping ...
Resource mediaweb-items.xml does not exist, skipping ...
Resource virtualjdbc-items.xml does not exist, skipping ...
Resource npmancillary-items.xml does not exist, skipping ...
Resource travelseatmapservices-items.xml does not exist, skipping ...
Resource solrserver-items.xml does not exist, skipping ...
Resource xyformsfacades-items.xml does not exist, skipping ...
Resource yacceleratorinitialdata-items.xml does not exist, skipping ...
Resource travelstore-items.xml does not exist, skipping ...
Resource commercefacades-items.xml does not exist, skipping ...
Resource acceleratorfacades-items.xml does not exist, skipping ...
Resource yacceleratorfacades-items.xml does not exist, skipping ...
Resource b2bacceleratorfacades-items.xml does not exist, skipping ...
Resource subscriptionfacades-items.xml does not exist, skipping ...
Resource travelfacades-items.xml does not exist, skipping ...
Resource travelcommerceorgaddon-items.xml does not exist, skipping ...
Resource accommodationchainaddon-items.xml does not exist, skipping ...
Resource travelcheckout-items.xml does not exist, skipping ...
Resource productcockpit-items.xml does not exist, skipping ...
Resource basecommercebackoffice-items.xml does not exist, skipping ...
Resource travelbackoffice-items.xml does not exist, skipping ...
Resource airlinebackoffice-items.xml does not exist, skipping ...
Resource yacceleratorcockpits-items.xml does not exist, skipping ...
collecting hmc.xml
Resource hmc.xml does not exist, skipping ...
collecting usergroups-hmc.xml
collecting access..2018-07-05.log in Directory /opt/hybris/log/tomcat
collecting console-20180705.log in Directory /opt/hybris/log/tomcat
Finished creating zip, let's zip myself ...
